<?xml version="1.0" encoding="UTF-8"?>
<testng-results skipped="0" failed="1" ignored="0" total="1" passed="0">
  <reporter-output>
  </reporter-output>
  <suite name="Default suite" duration-ms="54" started-at="2019-02-17T07:38:37Z" finished-at="2019-02-17T07:38:37Z">
    <groups>
    </groups>
    <test name="Default test" duration-ms="54" started-at="2019-02-17T07:38:37Z" finished-at="2019-02-17T07:38:37Z">
      <class name="bl.framework.testcases.TC001_CreateLead">
        <test-method status="PASS" signature="beforeSuite()[pri:0, instance:bl.framework.testcases.TC001_CreateLead@398b7c]" name="beforeSuite" is-config="true" duration-ms="213" started-at="2019-02-17T07:38:37Z" finished-at="2019-02-17T07:38:37Z">
          <reporter-output>
          </reporter-output>
        </test-method> <!-- beforeSuite -->
        <test-method status="PASS" signature="setData()[pri:0, instance:bl.framework.testcases.TC001_CreateLead@398b7c]" name="setData" is-config="true" duration-ms="1" started-at="2019-02-17T07:38:37Z" finished-at="2019-02-17T07:38:37Z">
          <reporter-output>
          </reporter-output>
        </test-method> <!-- setData -->
        <test-method status="PASS" signature="beforeClass()[pri:0, instance:bl.framework.testcases.TC001_CreateLead@398b7c]" name="beforeClass" is-config="true" duration-ms="18" started-at="2019-02-17T07:38:37Z" finished-at="2019-02-17T07:38:37Z">
          <reporter-output>
          </reporter-output>
        </test-method> <!-- beforeClass -->
        <test-method status="FAIL" signature="createLead(java.lang.String, java.lang.String, java.lang.String)[pri:0, instance:bl.framework.testcases.TC001_CreateLead@398b7c]" name="createLead" duration-ms="0" started-at="2019-02-17T07:38:37Z" data-provider="getData" finished-at="2019-02-17T07:38:37Z">
          <exception class="org.testng.TestNGException">
            <message>
              <![CDATA[
Method public void bl.framework.testcases.TC001_CreateLead.createLead(java.lang.String,java.lang.String,java.lang.String) requires a @DataProvider named : getData]]>
            </message>
            <full-stacktrace>
              <![CDATA[org.testng.TestNGException: 
Method public void bl.framework.testcases.TC001_CreateLead.createLead(java.lang.String,java.lang.String,java.lang.String) requires a @DataProvider named : getData
at org.testng.internal.Parameters.findDataProvider(Parameters.java:513)
at org.testng.internal.Parameters.handleParameters(Parameters.java:691)
at org.testng.internal.ParameterHandler.handleParameters(ParameterHandler.java:49)
at org.testng.internal.ParameterHandler.createParameters(ParameterHandler.java:37)
at org.testng.internal.Invoker.invokeTestMethods(Invoker.java:923)
at org.testng.internal.TestMethodWorker.invokeTestMethods(TestMethodWorker.java:125)
at org.testng.internal.TestMethodWorker.run(TestMethodWorker.java:109)
at org.testng.TestRunner.privateRun(TestRunner.java:648)
at org.testng.TestRunner.run(TestRunner.java:505)
at org.testng.SuiteRunner.runTest(SuiteRunner.java:455)
at org.testng.SuiteRunner.runSequentially(SuiteRunner.java:450)
at org.testng.SuiteRunner.privateRun(SuiteRunner.java:415)
at org.testng.SuiteRunner.run(SuiteRunner.java:364)
at org.testng.SuiteRunnerWorker.runSuite(SuiteRunnerWorker.java:52)
at org.testng.SuiteRunnerWorker.run(SuiteRunnerWorker.java:84)
at org.testng.TestNG.runSuitesSequentially(TestNG.java:1208)
at org.testng.TestNG.runSuitesLocally(TestNG.java:1137)
at org.testng.TestNG.runSuites(TestNG.java:1049)
at org.testng.TestNG.run(TestNG.java:1017)
at org.testng.remote.AbstractRemoteTestNG.run(AbstractRemoteTestNG.java:114)
at org.testng.remote.RemoteTestNG.initAndRun(RemoteTestNG.java:251)
at org.testng.remote.RemoteTestNG.main(RemoteTestNG.java:77)
]]>
            </full-stacktrace>
          </exception> <!-- org.testng.TestNGException -->
          <reporter-output>
          </reporter-output>
        </test-method> <!-- createLead -->
        <test-method status="PASS" signature="afterSuite()[pri:0, instance:bl.framework.testcases.TC001_CreateLead@398b7c]" name="afterSuite" is-config="true" duration-ms="464" started-at="2019-02-17T07:38:37Z" finished-at="2019-02-17T07:38:37Z">
          <reporter-output>
          </reporter-output>
        </test-method> <!-- afterSuite -->
      </class> <!-- bl.framework.testcases.TC001_CreateLead -->
    </test> <!-- Default test -->
  </suite> <!-- Default suite -->
</testng-results>
